13::com.training.service.impl.CustomerProcessingService::assignSeat::Mon Nov 30 08:52:47 IST 2020::Looking for seat for customer Customer1
12::com.training.service.impl.CustomerProcessingService::assignSeat::Mon Nov 30 08:52:47 IST 2020::Looking for seat for customer Customer0
14::com.training.service.impl.CustomerProcessingService::assignSeat::Mon Nov 30 08:52:47 IST 2020::Looking for seat for customer Customer2
15::com.training.service.impl.CustomerProcessingService::assignSeat::Mon Nov 30 08:52:47 IST 2020::Looking for seat for customer Customer3
16::com.training.service.impl.CustomerProcessingService::assignSeat::Mon Nov 30 08:52:47 IST 2020::Looking for seat for customer Customer4
16::com.training.service.impl.CustomerProcessingService::assignSeat::Mon Nov 30 08:52:47 IST 2020::Found seat 8 for customer Customer4
14::com.training.service.impl.CustomerProcessingService::assignSeat::Mon Nov 30 08:52:47 IST 2020::Found seat 8 for customer Customer2
15::com.training.service.impl.CustomerProcessingService::assignSeat::Mon Nov 30 08:52:47 IST 2020::Found seat 8 for customer Customer3
12::com.training.service.impl.CustomerProcessingService::assignSeat::Mon Nov 30 08:52:47 IST 2020::Found seat 8 for customer Customer0
13::com.training.service.impl.CustomerProcessingService::assignSeat::Mon Nov 30 08:52:47 IST 2020::Found seat 8 for customer Customer1
16::com.training.service.impl.CustomerProcessingService::assignWaiter::Mon Nov 30 08:52:47 IST 2020::Looking for waiter for customer Customer4
13::com.training.service.impl.CustomerProcessingService::assignWaiter::Mon Nov 30 08:52:47 IST 2020::Looking for waiter for customer Customer1
12::com.training.service.impl.CustomerProcessingService::assignWaiter::Mon Nov 30 08:52:47 IST 2020::Looking for waiter for customer Customer0
15::com.training.service.impl.CustomerProcessingService::assignWaiter::Mon Nov 30 08:52:47 IST 2020::Looking for waiter for customer Customer3
14::com.training.service.impl.CustomerProcessingService::assignWaiter::Mon Nov 30 08:52:47 IST 2020::Looking for waiter for customer Customer2
15::com.training.service.impl.CustomerProcessingService::assignWaiter::Mon Nov 30 08:52:47 IST 2020::Found waiter Waiter0 for customer Customer3
12::com.training.service.impl.CustomerProcessingService::assignWaiter::Mon Nov 30 08:52:47 IST 2020::Found waiter Waiter1 for customer Customer0
12::com.training.service.impl.CustomerProcessingService::orderDishes::Mon Nov 30 08:52:47 IST 2020::Customer Customer0 ordering dishes
16::com.training.service.impl.CustomerProcessingService::assignWaiter::Mon Nov 30 08:52:47 IST 2020::Found waiter Waiter2 for customer Customer4
13::com.training.service.impl.CustomerProcessingService::assignWaiter::Mon Nov 30 08:52:47 IST 2020::Found waiter Waiter3 for customer Customer1
15::com.training.service.impl.CustomerProcessingService::orderDishes::Mon Nov 30 08:52:47 IST 2020::Customer Customer3 ordering dishes
14::com.training.service.impl.CustomerProcessingService::assignWaiter::Mon Nov 30 08:52:47 IST 2020::Found waiter Waiter4 for customer Customer2
13::com.training.service.impl.CustomerProcessingService::orderDishes::Mon Nov 30 08:52:47 IST 2020::Customer Customer1 ordering dishes
16::com.training.service.impl.CustomerProcessingService::orderDishes::Mon Nov 30 08:52:47 IST 2020::Customer Customer4 ordering dishes
12::com.training.service.impl.CustomerProcessingService::orderDishes::Mon Nov 30 08:52:47 IST 2020::Customer Customer0 ordered dishes
13::com.training.service.impl.CustomerProcessingService::orderDishes::Mon Nov 30 08:52:47 IST 2020::Customer Customer1 ordered dishes
15::com.training.service.impl.CustomerProcessingService::orderDishes::Mon Nov 30 08:52:47 IST 2020::Customer Customer3 ordered dishes
14::com.training.service.impl.CustomerProcessingService::orderDishes::Mon Nov 30 08:52:47 IST 2020::Customer Customer2 ordering dishes
12::com.training.service.impl.CustomerProcessingService::assignCook::Mon Nov 30 08:52:47 IST 2020::Looking for cook for customer Customer0
16::com.training.service.impl.CustomerProcessingService::orderDishes::Mon Nov 30 08:52:47 IST 2020::Customer Customer4 ordered dishes
14::com.training.service.impl.CustomerProcessingService::orderDishes::Mon Nov 30 08:52:47 IST 2020::Customer Customer2 ordered dishes
15::com.training.service.impl.CustomerProcessingService::assignCook::Mon Nov 30 08:52:47 IST 2020::Looking for cook for customer Customer3
12::com.training.service.impl.CustomerProcessingService::assignCook::Mon Nov 30 08:52:47 IST 2020::Found cook Cook0 for customer Customer0
13::com.training.service.impl.CustomerProcessingService::assignCook::Mon Nov 30 08:52:47 IST 2020::Looking for cook for customer Customer1
15::com.training.service.impl.CustomerProcessingService::assignCook::Mon Nov 30 08:52:47 IST 2020::Found cook Cook1 for customer Customer3
14::com.training.service.impl.CustomerProcessingService::assignCook::Mon Nov 30 08:52:47 IST 2020::Looking for cook for customer Customer2
16::com.training.service.impl.CustomerProcessingService::assignCook::Mon Nov 30 08:52:47 IST 2020::Looking for cook for customer Customer4
14::com.training.service.impl.CustomerProcessingService::assignCook::Mon Nov 30 08:52:47 IST 2020::Found cook Cook2 for customer Customer2
13::com.training.service.impl.CustomerProcessingService::assignCook::Mon Nov 30 08:52:47 IST 2020::Found cook Cook3 for customer Customer1
16::com.training.service.impl.CustomerProcessingService::assignCook::Mon Nov 30 08:52:47 IST 2020::Found cook Cook4 for customer Customer4
12::com.training.service.impl.CustomerProcessingService::deliverOrder::Mon Nov 30 08:52:47 IST 2020::Dishes are getting ready
12::com.training.service.impl.CustomerProcessingService::dishesCooking::Mon Nov 30 08:52:47 IST 2020::Cook Cook0 cooking dishes Customer0
14::com.training.service.impl.CustomerProcessingService::deliverOrder::Mon Nov 30 08:52:47 IST 2020::Dishes are getting ready
15::com.training.service.impl.CustomerProcessingService::deliverOrder::Mon Nov 30 08:52:47 IST 2020::Dishes are getting ready
14::com.training.service.impl.CustomerProcessingService::dishesCooking::Mon Nov 30 08:52:47 IST 2020::Cook Cook2 cooking dishes Customer2
15::com.training.service.impl.CustomerProcessingService::dishesCooking::Mon Nov 30 08:52:47 IST 2020::Cook Cook1 cooking dishes Customer3
13::com.training.service.impl.CustomerProcessingService::deliverOrder::Mon Nov 30 08:52:47 IST 2020::Dishes are getting ready
16::com.training.service.impl.CustomerProcessingService::deliverOrder::Mon Nov 30 08:52:47 IST 2020::Dishes are getting ready
16::com.training.service.impl.CustomerProcessingService::dishesCooking::Mon Nov 30 08:52:47 IST 2020::Cook Cook4 cooking dishes Customer4
13::com.training.service.impl.CustomerProcessingService::dishesCooking::Mon Nov 30 08:52:47 IST 2020::Cook Cook3 cooking dishes Customer1
12::com.training.service.impl.CustomerProcessingService::dishesCooking::Mon Nov 30 08:52:48 IST 2020::Cook Cook0 cooked dishes Customer0
12::com.training.service.impl.CustomerProcessingService::deliverOrder::Mon Nov 30 08:52:48 IST 2020::Cook cooked dishes Customer0 :true
14::com.training.service.impl.CustomerProcessingService::dishesCooking::Mon Nov 30 08:52:48 IST 2020::Cook Cook2 cooked dishes Customer2
15::com.training.service.impl.CustomerProcessingService::dishesCooking::Mon Nov 30 08:52:48 IST 2020::Cook Cook1 cooked dishes Customer3
12::com.training.service.impl.CustomerProcessingService::deliverOrder::Mon Nov 30 08:52:48 IST 2020::Customer is eating food Customer0
14::com.training.service.impl.CustomerProcessingService::deliverOrder::Mon Nov 30 08:52:48 IST 2020::Cook cooked dishes Customer2 :true
12::com.training.service.impl.CustomerProcessingService::cutomerEating::Mon Nov 30 08:52:48 IST 2020::Customer eating food Customer0
16::com.training.service.impl.CustomerProcessingService::dishesCooking::Mon Nov 30 08:52:48 IST 2020::Cook Cook4 cooked dishes Customer4
13::com.training.service.impl.CustomerProcessingService::dishesCooking::Mon Nov 30 08:52:48 IST 2020::Cook Cook3 cooked dishes Customer1
16::com.training.service.impl.CustomerProcessingService::deliverOrder::Mon Nov 30 08:52:48 IST 2020::Cook cooked dishes Customer4 :true
13::com.training.service.impl.CustomerProcessingService::deliverOrder::Mon Nov 30 08:52:48 IST 2020::Cook cooked dishes Customer1 :true
15::com.training.service.impl.CustomerProcessingService::deliverOrder::Mon Nov 30 08:52:48 IST 2020::Cook cooked dishes Customer3 :true
15::com.training.service.impl.CustomerProcessingService::deliverOrder::Mon Nov 30 08:52:48 IST 2020::Customer is eating food Customer3
14::com.training.service.impl.CustomerProcessingService::deliverOrder::Mon Nov 30 08:52:48 IST 2020::Customer is eating food Customer2
15::com.training.service.impl.CustomerProcessingService::cutomerEating::Mon Nov 30 08:52:48 IST 2020::Customer eating food Customer3
13::com.training.service.impl.CustomerProcessingService::deliverOrder::Mon Nov 30 08:52:48 IST 2020::Customer is eating food Customer1
13::com.training.service.impl.CustomerProcessingService::cutomerEating::Mon Nov 30 08:52:48 IST 2020::Customer eating food Customer1
16::com.training.service.impl.CustomerProcessingService::deliverOrder::Mon Nov 30 08:52:48 IST 2020::Customer is eating food Customer4
14::com.training.service.impl.CustomerProcessingService::cutomerEating::Mon Nov 30 08:52:48 IST 2020::Customer eating food Customer2
16::com.training.service.impl.CustomerProcessingService::cutomerEating::Mon Nov 30 08:52:48 IST 2020::Customer eating food Customer4
12::com.training.service.impl.CustomerProcessingService::cutomerEating::Mon Nov 30 08:52:49 IST 2020::Customer ate food Customer0
12::com.training.service.impl.CustomerProcessingService::completeOrder::Mon Nov 30 08:52:49 IST 2020::Order completed for customerCustomer0
12::com.training.service.impl.CustomerProcessingService::assignSeat::Mon Nov 30 08:52:49 IST 2020::Looking for seat for customer Customer5
12::com.training.service.impl.CustomerProcessingService::assignSeat::Mon Nov 30 08:52:49 IST 2020::Found seat 8 for customer Customer5
16::com.training.service.impl.CustomerProcessingService::cutomerEating::Mon Nov 30 08:52:49 IST 2020::Customer ate food Customer4
13::com.training.service.impl.CustomerProcessingService::cutomerEating::Mon Nov 30 08:52:49 IST 2020::Customer ate food Customer1
14::com.training.service.impl.CustomerProcessingService::cutomerEating::Mon Nov 30 08:52:49 IST 2020::Customer ate food Customer2
15::com.training.service.impl.CustomerProcessingService::cutomerEating::Mon Nov 30 08:52:49 IST 2020::Customer ate food Customer3
14::com.training.service.impl.CustomerProcessingService::completeOrder::Mon Nov 30 08:52:49 IST 2020::Order completed for customerCustomer2
15::com.training.service.impl.CustomerProcessingService::completeOrder::Mon Nov 30 08:52:49 IST 2020::Order completed for customerCustomer3
12::com.training.service.impl.CustomerProcessingService::assignWaiter::Mon Nov 30 08:52:49 IST 2020::Looking for waiter for customer Customer5
12::com.training.service.impl.CustomerProcessingService::assignWaiter::Mon Nov 30 08:52:49 IST 2020::Found waiter Waiter0 for customer Customer5
12::com.training.service.impl.CustomerProcessingService::orderDishes::Mon Nov 30 08:52:49 IST 2020::Customer Customer5 ordering dishes
13::com.training.service.impl.CustomerProcessingService::completeOrder::Mon Nov 30 08:52:49 IST 2020::Order completed for customerCustomer1
16::com.training.service.impl.CustomerProcessingService::completeOrder::Mon Nov 30 08:52:49 IST 2020::Order completed for customerCustomer4
15::com.training.service.impl.CustomerProcessingService::assignSeat::Mon Nov 30 08:52:49 IST 2020::Looking for seat for customer Customer6
14::com.training.service.impl.CustomerProcessingService::assignSeat::Mon Nov 30 08:52:49 IST 2020::Looking for seat for customer Customer7
15::com.training.service.impl.CustomerProcessingService::assignSeat::Mon Nov 30 08:52:49 IST 2020::Found seat 8 for customer Customer6
16::com.training.service.impl.CustomerProcessingService::assignSeat::Mon Nov 30 08:52:49 IST 2020::Looking for seat for customer Customer8
13::com.training.service.impl.CustomerProcessingService::assignSeat::Mon Nov 30 08:52:49 IST 2020::Looking for seat for customer Customer9
12::com.training.service.impl.CustomerProcessingService::orderDishes::Mon Nov 30 08:52:49 IST 2020::Customer Customer5 ordered dishes
13::com.training.service.impl.CustomerProcessingService::assignSeat::Mon Nov 30 08:52:49 IST 2020::Found seat 9 for customer Customer9
16::com.training.service.impl.CustomerProcessingService::assignSeat::Mon Nov 30 08:52:49 IST 2020::Found seat 10 for customer Customer8
15::com.training.service.impl.CustomerProcessingService::assignWaiter::Mon Nov 30 08:52:49 IST 2020::Looking for waiter for customer Customer6
14::com.training.service.impl.CustomerProcessingService::assignSeat::Mon Nov 30 08:52:49 IST 2020::Found seat 11 for customer Customer7
15::com.training.service.impl.CustomerProcessingService::assignWaiter::Mon Nov 30 08:52:49 IST 2020::Found waiter Waiter1 for customer Customer6
16::com.training.service.impl.CustomerProcessingService::assignWaiter::Mon Nov 30 08:52:49 IST 2020::Looking for waiter for customer Customer8
13::com.training.service.impl.CustomerProcessingService::assignWaiter::Mon Nov 30 08:52:49 IST 2020::Looking for waiter for customer Customer9
12::com.training.service.impl.CustomerProcessingService::assignCook::Mon Nov 30 08:52:49 IST 2020::Looking for cook for customer Customer5
13::com.training.service.impl.CustomerProcessingService::assignWaiter::Mon Nov 30 08:52:49 IST 2020::Found waiter Waiter2 for customer Customer9
16::com.training.service.impl.CustomerProcessingService::assignWaiter::Mon Nov 30 08:52:49 IST 2020::Found waiter Waiter3 for customer Customer8
15::com.training.service.impl.CustomerProcessingService::orderDishes::Mon Nov 30 08:52:49 IST 2020::Customer Customer6 ordering dishes
14::com.training.service.impl.CustomerProcessingService::assignWaiter::Mon Nov 30 08:52:49 IST 2020::Looking for waiter for customer Customer7
15::com.training.service.impl.CustomerProcessingService::orderDishes::Mon Nov 30 08:52:49 IST 2020::Customer Customer6 ordered dishes
16::com.training.service.impl.CustomerProcessingService::orderDishes::Mon Nov 30 08:52:49 IST 2020::Customer Customer8 ordering dishes
13::com.training.service.impl.CustomerProcessingService::orderDishes::Mon Nov 30 08:52:49 IST 2020::Customer Customer9 ordering dishes
12::com.training.service.impl.CustomerProcessingService::assignCook::Mon Nov 30 08:52:49 IST 2020::Found cook Cook0 for customer Customer5
16::com.training.service.impl.CustomerProcessingService::orderDishes::Mon Nov 30 08:52:49 IST 2020::Customer Customer8 ordered dishes
15::com.training.service.impl.CustomerProcessingService::assignCook::Mon Nov 30 08:52:49 IST 2020::Looking for cook for customer Customer6
14::com.training.service.impl.CustomerProcessingService::assignWaiter::Mon Nov 30 08:52:49 IST 2020::Found waiter Waiter4 for customer Customer7
15::com.training.service.impl.CustomerProcessingService::assignCook::Mon Nov 30 08:52:49 IST 2020::Found cook Cook1 for customer Customer6
13::com.training.service.impl.CustomerProcessingService::orderDishes::Mon Nov 30 08:52:49 IST 2020::Customer Customer9 ordered dishes
16::com.training.service.impl.CustomerProcessingService::assignCook::Mon Nov 30 08:52:49 IST 2020::Looking for cook for customer Customer8
14::com.training.service.impl.CustomerProcessingService::orderDishes::Mon Nov 30 08:52:49 IST 2020::Customer Customer7 ordering dishes
13::com.training.service.impl.CustomerProcessingService::assignCook::Mon Nov 30 08:52:49 IST 2020::Looking for cook for customer Customer9
16::com.training.service.impl.CustomerProcessingService::assignCook::Mon Nov 30 08:52:49 IST 2020::Found cook Cook2 for customer Customer8
14::com.training.service.impl.CustomerProcessingService::orderDishes::Mon Nov 30 08:52:49 IST 2020::Customer Customer7 ordered dishes
13::com.training.service.impl.CustomerProcessingService::assignCook::Mon Nov 30 08:52:49 IST 2020::Found cook Cook3 for customer Customer9
14::com.training.service.impl.CustomerProcessingService::assignCook::Mon Nov 30 08:52:49 IST 2020::Looking for cook for customer Customer7
14::com.training.service.impl.CustomerProcessingService::assignCook::Mon Nov 30 08:52:49 IST 2020::Found cook Cook4 for customer Customer7
12::com.training.service.impl.CustomerProcessingService::deliverOrder::Mon Nov 30 08:52:49 IST 2020::Dishes are getting ready
12::com.training.service.impl.CustomerProcessingService::dishesCooking::Mon Nov 30 08:52:49 IST 2020::Cook Cook0 cooking dishes Customer5
15::com.training.service.impl.CustomerProcessingService::deliverOrder::Mon Nov 30 08:52:49 IST 2020::Dishes are getting ready
15::com.training.service.impl.CustomerProcessingService::dishesCooking::Mon Nov 30 08:52:49 IST 2020::Cook Cook1 cooking dishes Customer6
16::com.training.service.impl.CustomerProcessingService::deliverOrder::Mon Nov 30 08:52:49 IST 2020::Dishes are getting ready
16::com.training.service.impl.CustomerProcessingService::dishesCooking::Mon Nov 30 08:52:49 IST 2020::Cook Cook2 cooking dishes Customer8
13::com.training.service.impl.CustomerProcessingService::deliverOrder::Mon Nov 30 08:52:49 IST 2020::Dishes are getting ready
13::com.training.service.impl.CustomerProcessingService::dishesCooking::Mon Nov 30 08:52:49 IST 2020::Cook Cook3 cooking dishes Customer9
14::com.training.service.impl.CustomerProcessingService::deliverOrder::Mon Nov 30 08:52:49 IST 2020::Dishes are getting ready
14::com.training.service.impl.CustomerProcessingService::dishesCooking::Mon Nov 30 08:52:49 IST 2020::Cook Cook4 cooking dishes Customer7
12::com.training.service.impl.CustomerProcessingService::dishesCooking::Mon Nov 30 08:52:50 IST 2020::Cook Cook0 cooked dishes Customer5
12::com.training.service.impl.CustomerProcessingService::deliverOrder::Mon Nov 30 08:52:50 IST 2020::Cook cooked dishes Customer5 :true
12::com.training.service.impl.CustomerProcessingService::deliverOrder::Mon Nov 30 08:52:50 IST 2020::Customer is eating food Customer5
12::com.training.service.impl.CustomerProcessingService::cutomerEating::Mon Nov 30 08:52:50 IST 2020::Customer eating food Customer5
15::com.training.service.impl.CustomerProcessingService::dishesCooking::Mon Nov 30 08:52:50 IST 2020::Cook Cook1 cooked dishes Customer6
15::com.training.service.impl.CustomerProcessingService::deliverOrder::Mon Nov 30 08:52:50 IST 2020::Cook cooked dishes Customer6 :true
15::com.training.service.impl.CustomerProcessingService::deliverOrder::Mon Nov 30 08:52:50 IST 2020::Customer is eating food Customer6
15::com.training.service.impl.CustomerProcessingService::cutomerEating::Mon Nov 30 08:52:50 IST 2020::Customer eating food Customer6
16::com.training.service.impl.CustomerProcessingService::dishesCooking::Mon Nov 30 08:52:50 IST 2020::Cook Cook2 cooked dishes Customer8
16::com.training.service.impl.CustomerProcessingService::deliverOrder::Mon Nov 30 08:52:50 IST 2020::Cook cooked dishes Customer8 :true
16::com.training.service.impl.CustomerProcessingService::deliverOrder::Mon Nov 30 08:52:50 IST 2020::Customer is eating food Customer8
16::com.training.service.impl.CustomerProcessingService::cutomerEating::Mon Nov 30 08:52:50 IST 2020::Customer eating food Customer8
13::com.training.service.impl.CustomerProcessingService::dishesCooking::Mon Nov 30 08:52:50 IST 2020::Cook Cook3 cooked dishes Customer9
13::com.training.service.impl.CustomerProcessingService::deliverOrder::Mon Nov 30 08:52:50 IST 2020::Cook cooked dishes Customer9 :true
13::com.training.service.impl.CustomerProcessingService::deliverOrder::Mon Nov 30 08:52:50 IST 2020::Customer is eating food Customer9
13::com.training.service.impl.CustomerProcessingService::cutomerEating::Mon Nov 30 08:52:50 IST 2020::Customer eating food Customer9
14::com.training.service.impl.CustomerProcessingService::dishesCooking::Mon Nov 30 08:52:50 IST 2020::Cook Cook4 cooked dishes Customer7
14::com.training.service.impl.CustomerProcessingService::deliverOrder::Mon Nov 30 08:52:50 IST 2020::Cook cooked dishes Customer7 :true
14::com.training.service.impl.CustomerProcessingService::deliverOrder::Mon Nov 30 08:52:50 IST 2020::Customer is eating food Customer7
14::com.training.service.impl.CustomerProcessingService::cutomerEating::Mon Nov 30 08:52:50 IST 2020::Customer eating food Customer7
12::com.training.service.impl.CustomerProcessingService::cutomerEating::Mon Nov 30 08:52:51 IST 2020::Customer ate food Customer5
12::com.training.service.impl.CustomerProcessingService::completeOrder::Mon Nov 30 08:52:51 IST 2020::Order completed for customerCustomer5
12::com.training.service.impl.CustomerProcessingService::assignSeat::Mon Nov 30 08:52:51 IST 2020::Looking for seat for customer Customer10
12::com.training.service.impl.CustomerProcessingService::assignSeat::Mon Nov 30 08:52:51 IST 2020::Found seat 8 for customer Customer10
12::com.training.service.impl.CustomerProcessingService::assignWaiter::Mon Nov 30 08:52:51 IST 2020::Looking for waiter for customer Customer10
12::com.training.service.impl.CustomerProcessingService::assignWaiter::Mon Nov 30 08:52:51 IST 2020::Found waiter Waiter0 for customer Customer10
12::com.training.service.impl.CustomerProcessingService::orderDishes::Mon Nov 30 08:52:51 IST 2020::Customer Customer10 ordering dishes
12::com.training.service.impl.CustomerProcessingService::orderDishes::Mon Nov 30 08:52:51 IST 2020::Customer Customer10 ordered dishes
12::com.training.service.impl.CustomerProcessingService::assignCook::Mon Nov 30 08:52:51 IST 2020::Looking for cook for customer Customer10
12::com.training.service.impl.CustomerProcessingService::assignCook::Mon Nov 30 08:52:51 IST 2020::Found cook Cook0 for customer Customer10
15::com.training.service.impl.CustomerProcessingService::cutomerEating::Mon Nov 30 08:52:51 IST 2020::Customer ate food Customer6
15::com.training.service.impl.CustomerProcessingService::completeOrder::Mon Nov 30 08:52:51 IST 2020::Order completed for customerCustomer6
15::com.training.service.impl.CustomerProcessingService::assignSeat::Mon Nov 30 08:52:51 IST 2020::Looking for seat for customer Customer11
15::com.training.service.impl.CustomerProcessingService::assignSeat::Mon Nov 30 08:52:51 IST 2020::Found seat 8 for customer Customer11
15::com.training.service.impl.CustomerProcessingService::assignWaiter::Mon Nov 30 08:52:51 IST 2020::Looking for waiter for customer Customer11
16::com.training.service.impl.CustomerProcessingService::cutomerEating::Mon Nov 30 08:52:51 IST 2020::Customer ate food Customer8
15::com.training.service.impl.CustomerProcessingService::assignWaiter::Mon Nov 30 08:52:51 IST 2020::Found waiter Waiter1 for customer Customer11
16::com.training.service.impl.CustomerProcessingService::completeOrder::Mon Nov 30 08:52:51 IST 2020::Order completed for customerCustomer8
15::com.training.service.impl.CustomerProcessingService::orderDishes::Mon Nov 30 08:52:51 IST 2020::Customer Customer11 ordering dishes
16::com.training.service.impl.CustomerProcessingService::assignSeat::Mon Nov 30 08:52:51 IST 2020::Looking for seat for customer Customer12
15::com.training.service.impl.CustomerProcessingService::orderDishes::Mon Nov 30 08:52:51 IST 2020::Customer Customer11 ordered dishes
16::com.training.service.impl.CustomerProcessingService::assignSeat::Mon Nov 30 08:52:51 IST 2020::Found seat 10 for customer Customer12
15::com.training.service.impl.CustomerProcessingService::assignCook::Mon Nov 30 08:52:51 IST 2020::Looking for cook for customer Customer11
16::com.training.service.impl.CustomerProcessingService::assignWaiter::Mon Nov 30 08:52:51 IST 2020::Looking for waiter for customer Customer12
15::com.training.service.impl.CustomerProcessingService::assignCook::Mon Nov 30 08:52:51 IST 2020::Found cook Cook1 for customer Customer11
13::com.training.service.impl.CustomerProcessingService::cutomerEating::Mon Nov 30 08:52:51 IST 2020::Customer ate food Customer9
13::com.training.service.impl.CustomerProcessingService::completeOrder::Mon Nov 30 08:52:51 IST 2020::Order completed for customerCustomer9
16::com.training.service.impl.CustomerProcessingService::assignWaiter::Mon Nov 30 08:52:51 IST 2020::Found waiter Waiter2 for customer Customer12
16::com.training.service.impl.CustomerProcessingService::orderDishes::Mon Nov 30 08:52:51 IST 2020::Customer Customer12 ordering dishes
13::com.training.service.impl.CustomerProcessingService::assignSeat::Mon Nov 30 08:52:51 IST 2020::Looking for seat for customer Customer13
16::com.training.service.impl.CustomerProcessingService::orderDishes::Mon Nov 30 08:52:51 IST 2020::Customer Customer12 ordered dishes
16::com.training.service.impl.CustomerProcessingService::assignCook::Mon Nov 30 08:52:51 IST 2020::Looking for cook for customer Customer12
13::com.training.service.impl.CustomerProcessingService::assignSeat::Mon Nov 30 08:52:51 IST 2020::Found seat 9 for customer Customer13
16::com.training.service.impl.CustomerProcessingService::assignCook::Mon Nov 30 08:52:51 IST 2020::Found cook Cook2 for customer Customer12
13::com.training.service.impl.CustomerProcessingService::assignWaiter::Mon Nov 30 08:52:51 IST 2020::Looking for waiter for customer Customer13
13::com.training.service.impl.CustomerProcessingService::assignWaiter::Mon Nov 30 08:52:51 IST 2020::Found waiter Waiter3 for customer Customer13
13::com.training.service.impl.CustomerProcessingService::orderDishes::Mon Nov 30 08:52:51 IST 2020::Customer Customer13 ordering dishes
13::com.training.service.impl.CustomerProcessingService::orderDishes::Mon Nov 30 08:52:51 IST 2020::Customer Customer13 ordered dishes
13::com.training.service.impl.CustomerProcessingService::assignCook::Mon Nov 30 08:52:51 IST 2020::Looking for cook for customer Customer13
14::com.training.service.impl.CustomerProcessingService::cutomerEating::Mon Nov 30 08:52:51 IST 2020::Customer ate food Customer7
13::com.training.service.impl.CustomerProcessingService::assignCook::Mon Nov 30 08:52:51 IST 2020::Found cook Cook3 for customer Customer13
14::com.training.service.impl.CustomerProcessingService::completeOrder::Mon Nov 30 08:52:51 IST 2020::Order completed for customerCustomer7
14::com.training.service.impl.CustomerProcessingService::assignSeat::Mon Nov 30 08:52:51 IST 2020::Looking for seat for customer Customer14
14::com.training.service.impl.CustomerProcessingService::assignSeat::Mon Nov 30 08:52:51 IST 2020::Found seat 11 for customer Customer14
14::com.training.service.impl.CustomerProcessingService::assignWaiter::Mon Nov 30 08:52:51 IST 2020::Looking for waiter for customer Customer14
14::com.training.service.impl.CustomerProcessingService::assignWaiter::Mon Nov 30 08:52:51 IST 2020::Found waiter Waiter4 for customer Customer14
14::com.training.service.impl.CustomerProcessingService::orderDishes::Mon Nov 30 08:52:51 IST 2020::Customer Customer14 ordering dishes
14::com.training.service.impl.CustomerProcessingService::orderDishes::Mon Nov 30 08:52:51 IST 2020::Customer Customer14 ordered dishes
14::com.training.service.impl.CustomerProcessingService::assignCook::Mon Nov 30 08:52:51 IST 2020::Looking for cook for customer Customer14
14::com.training.service.impl.CustomerProcessingService::assignCook::Mon Nov 30 08:52:51 IST 2020::Found cook Cook4 for customer Customer14
12::com.training.service.impl.CustomerProcessingService::deliverOrder::Mon Nov 30 08:52:52 IST 2020::Dishes are getting ready
12::com.training.service.impl.CustomerProcessingService::dishesCooking::Mon Nov 30 08:52:52 IST 2020::Cook Cook0 cooking dishes Customer10
15::com.training.service.impl.CustomerProcessingService::deliverOrder::Mon Nov 30 08:52:52 IST 2020::Dishes are getting ready
15::com.training.service.impl.CustomerProcessingService::dishesCooking::Mon Nov 30 08:52:52 IST 2020::Cook Cook1 cooking dishes Customer11
16::com.training.service.impl.CustomerProcessingService::deliverOrder::Mon Nov 30 08:52:52 IST 2020::Dishes are getting ready
16::com.training.service.impl.CustomerProcessingService::dishesCooking::Mon Nov 30 08:52:52 IST 2020::Cook Cook2 cooking dishes Customer12
13::com.training.service.impl.CustomerProcessingService::deliverOrder::Mon Nov 30 08:52:52 IST 2020::Dishes are getting ready
13::com.training.service.impl.CustomerProcessingService::dishesCooking::Mon Nov 30 08:52:52 IST 2020::Cook Cook3 cooking dishes Customer13
14::com.training.service.impl.CustomerProcessingService::deliverOrder::Mon Nov 30 08:52:52 IST 2020::Dishes are getting ready
14::com.training.service.impl.CustomerProcessingService::dishesCooking::Mon Nov 30 08:52:52 IST 2020::Cook Cook4 cooking dishes Customer14
12::com.training.service.impl.CustomerProcessingService::dishesCooking::Mon Nov 30 08:52:53 IST 2020::Cook Cook0 cooked dishes Customer10
12::com.training.service.impl.CustomerProcessingService::deliverOrder::Mon Nov 30 08:52:53 IST 2020::Cook cooked dishes Customer10 :true
12::com.training.service.impl.CustomerProcessingService::deliverOrder::Mon Nov 30 08:52:53 IST 2020::Customer is eating food Customer10
12::com.training.service.impl.CustomerProcessingService::cutomerEating::Mon Nov 30 08:52:53 IST 2020::Customer eating food Customer10
15::com.training.service.impl.CustomerProcessingService::dishesCooking::Mon Nov 30 08:52:53 IST 2020::Cook Cook1 cooked dishes Customer11
15::com.training.service.impl.CustomerProcessingService::deliverOrder::Mon Nov 30 08:52:53 IST 2020::Cook cooked dishes Customer11 :true
15::com.training.service.impl.CustomerProcessingService::deliverOrder::Mon Nov 30 08:52:53 IST 2020::Customer is eating food Customer11
15::com.training.service.impl.CustomerProcessingService::cutomerEating::Mon Nov 30 08:52:53 IST 2020::Customer eating food Customer11
16::com.training.service.impl.CustomerProcessingService::dishesCooking::Mon Nov 30 08:52:53 IST 2020::Cook Cook2 cooked dishes Customer12
16::com.training.service.impl.CustomerProcessingService::deliverOrder::Mon Nov 30 08:52:53 IST 2020::Cook cooked dishes Customer12 :true
16::com.training.service.impl.CustomerProcessingService::deliverOrder::Mon Nov 30 08:52:53 IST 2020::Customer is eating food Customer12
16::com.training.service.impl.CustomerProcessingService::cutomerEating::Mon Nov 30 08:52:53 IST 2020::Customer eating food Customer12
13::com.training.service.impl.CustomerProcessingService::dishesCooking::Mon Nov 30 08:52:53 IST 2020::Cook Cook3 cooked dishes Customer13
13::com.training.service.impl.CustomerProcessingService::deliverOrder::Mon Nov 30 08:52:53 IST 2020::Cook cooked dishes Customer13 :true
13::com.training.service.impl.CustomerProcessingService::deliverOrder::Mon Nov 30 08:52:53 IST 2020::Customer is eating food Customer13
13::com.training.service.impl.CustomerProcessingService::cutomerEating::Mon Nov 30 08:52:53 IST 2020::Customer eating food Customer13
14::com.training.service.impl.CustomerProcessingService::dishesCooking::Mon Nov 30 08:52:53 IST 2020::Cook Cook4 cooked dishes Customer14
14::com.training.service.impl.CustomerProcessingService::deliverOrder::Mon Nov 30 08:52:53 IST 2020::Cook cooked dishes Customer14 :true
14::com.training.service.impl.CustomerProcessingService::deliverOrder::Mon Nov 30 08:52:53 IST 2020::Customer is eating food Customer14
14::com.training.service.impl.CustomerProcessingService::cutomerEating::Mon Nov 30 08:52:53 IST 2020::Customer eating food Customer14
12::com.training.service.impl.CustomerProcessingService::cutomerEating::Mon Nov 30 08:52:54 IST 2020::Customer ate food Customer10
12::com.training.service.impl.CustomerProcessingService::completeOrder::Mon Nov 30 08:52:54 IST 2020::Order completed for customerCustomer10
15::com.training.service.impl.CustomerProcessingService::cutomerEating::Mon Nov 30 08:52:54 IST 2020::Customer ate food Customer11
15::com.training.service.impl.CustomerProcessingService::completeOrder::Mon Nov 30 08:52:54 IST 2020::Order completed for customerCustomer11
13::com.training.service.impl.CustomerProcessingService::cutomerEating::Mon Nov 30 08:52:54 IST 2020::Customer ate food Customer13
16::com.training.service.impl.CustomerProcessingService::cutomerEating::Mon Nov 30 08:52:54 IST 2020::Customer ate food Customer12
13::com.training.service.impl.CustomerProcessingService::completeOrder::Mon Nov 30 08:52:54 IST 2020::Order completed for customerCustomer13
16::com.training.service.impl.CustomerProcessingService::completeOrder::Mon Nov 30 08:52:54 IST 2020::Order completed for customerCustomer12
14::com.training.service.impl.CustomerProcessingService::cutomerEating::Mon Nov 30 08:52:54 IST 2020::Customer ate food Customer14
14::com.training.service.impl.CustomerProcessingService::completeOrder::Mon Nov 30 08:52:54 IST 2020::Order completed for customerCustomer14
